2024-05-01 17:33:00 | INFO | repo=ffmpeg.wasm | action=commit
2025-03-16 09:25:00 | DEBUG | repo=ffmpeg.wasm | action=commit
2024-12-01 07:29:00 | WARN | repo=ffmpeg.wasm | action=commit
2025-06-19 19:56:00 | INFO | repo=ffmpeg.wasm | action=edit | files=2
2025-04-18 15:25:00 | DEBUG | repo=ffmpeg.wasm | action=commit
2025-12-13 07:14:00 | WARN | repo=ffmpeg.wasm | action=commit
2025-01-25 08:38:00 | WARN | repo=ffmpeg.wasm | action=edit | files=4
2024-10-16 18:36:00 | INFO | repo=ffmpeg.wasm | action=commit
2024-03-02 07:06:00 | DEBUG | repo=ffmpeg.wasm | action=commit
2025-11-16 16:37:00 | INFO | repo=ffmpeg.wasm | action=commit
2025-11-25 15:05:00 | DEBUG | repo=ffmpeg.wasm | action=edit | files=3
2024-08-05 17:59:00 | WARN | repo=ffmpeg.wasm | action=pull
2025-11-26 08:21:00 | INFO | repo=ffmpeg.wasm | action=test | passed=true
2025-07-13 17:16:00 | INFO | repo=ffmpeg.wasm | action=commit
2025-01-22 10:37:00 | DEBUG | repo=ffmpeg.wasm | action=commit
2024-04-22 15:09:00 | WARN | repo=ffmpeg.wasm | action=commit
2025-10-13 20:35:00 | DEBUG | repo=ffmpeg.wasm | action=commit
2024-05-26 16:39:00 | DEBUG | repo=ffmpeg.wasm | action=commit
2024-11-27 16:50:00 | WARN | repo=ffmpeg.wasm | action=pull
2025-07-04 07:35:00 | INFO | repo=ffmpeg.wasm | action=pull
2024-04-20 09:05:00 | DEBUG | repo=ffmpeg.wasm | action=commit
2024-07-02 20:06:00 | DEBUG | repo=ffmpeg.wasm | action=commit
2025-05-06 20:27:00 | WARN | repo=ffmpeg.wasm | action=pull
2024-12-17 13:40:00 | DEBUG | repo=ffmpeg.wasm | action=edit | files=3
2024-10-02 21:09:00 | DEBUG | repo=ffmpeg.wasm | action=test | passed=true
2024-03-14 10:41:00 | INFO | repo=ffmpeg.wasm | action=test | passed=true
2025-08-24 07:55:00 | DEBUG | repo=ffmpeg.wasm | action=pull
2025-07-24 20:15:00 | DEBUG | repo=ffmpeg.wasm | action=edit | files=1
2024-08-14 16:55:00 | WARN | repo=ffmpeg.wasm | action=pull
2025-10-11 12:51:00 | WARN | repo=ffmpeg.wasm | action=commit
2025-08-22 17:52:00 | DEBUG | repo=ffmpeg.wasm | action=commit
2025-04-18 13:36:00 | INFO | repo=ffmpeg.wasm | action=commit
2025-11-15 08:24:00 | DEBUG | repo=ffmpeg.wasm | action=edit | files=5
2025-05-19 21:59:00 | INFO | repo=ffmpeg.wasm | action=pull
2025-07-15 07:42:00 | WARN | repo=ffmpeg.wasm | action=edit | files=2
2025-05-21 11:31:00 | WARN | repo=ffmpeg.wasm | action=test | passed=true
2025-03-21 11:57:00 | DEBUG | repo=ffmpeg.wasm | action=edit | files=2
2025-02-10 19:18:00 | WARN | repo=ffmpeg.wasm | action=edit | files=2
2025-08-22 09:44:00 | INFO | repo=ffmpeg.wasm | action=commit
2025-10-01 12:13:00 | DEBUG | repo=ffmpeg.wasm | action=pull
2025-02-19 21:45:00 | INFO | repo=ffmpeg.wasm | action=test | passed=true
2025-07-04 18:59:00 | DEBUG | repo=ffmpeg.wasm | action=commit
2025-05-05 07:48:00 | INFO | repo=ffmpeg.wasm | action=commit
2025-02-08 20:18:00 | DEBUG | repo=ffmpeg.wasm | action=commit
2025-10-12 19:55:00 | DEBUG | repo=ffmpeg.wasm | action=pull
2025-02-14 21:51:00 | DEBUG | repo=ffmpeg.wasm | action=commit
2025-11-12 14:54:00 | DEBUG | repo=ffmpeg.wasm | action=test | passed=true
2025-09-01 10:58:00 | INFO | repo=ffmpeg.wasm | action=commit
2025-02-11 08:34:00 | DEBUG | repo=ffmpeg.wasm | action=test | passed=true
2025-05-25 14:15:00 | WARN | repo=ffmpeg.wasm | action=edit | files=2
2025-05-02 19:50:00 | DEBUG | repo=ffmpeg.wasm | action=commit
2025-03-09 16:44:00 | WARN | repo=ffmpeg.wasm | action=pull
2025-08-26 07:29:00 | DEBUG | repo=ffmpeg.wasm | action=commit
